#
# There is insufficient memory for the Java Runtime Environment to continue.
# Native memory allocation (malloc) failed to allocate 2410592 bytes for Chunk::new
# Possible reasons:
#   The system is out of physical RAM or swap space
#   The process is running with CompressedOops enabled, and the Java Heap may be blocking the growth of the native heap
# Possible solutions:
#   Reduce memory load on the system
#   Increase physical memory or swap space
#   Check if swap backing store is full
#   Decrease Java heap size (-Xmx/-Xms)
#   Decrease number of Java threads
#   Decrease Java thread stack sizes (-Xss)
#   Set larger code cache with -XX:ReservedCodeCacheSize=
#   JVM is running with Unscaled Compressed Oops mode in which the Java heap is
#     placed in the first 4GB address space. The Java Heap base address is the
#     maximum limit for the native heap growth. Please use -XX:HeapBaseMinAddress
#     to set the Java Heap base and to place the Java Heap above 4GB virtual address.
# This output file may be truncated or incomplete.
#
#  Out of Memory Error (allocation.cpp:389), pid=19444, tid=0x0000000000001fe4
#
# JRE version: OpenJDK Runtime Environment (8.0_242-b01) (build 1.8.0_242-release-1644-b01)
# Java VM: OpenJDK 64-Bit Server VM (25.242-b01 mixed mode windows-amd64 compressed oops)
# Failed to write core dump. Minidumps are not enabled by default on client versions of Windows
#

---------------  T H R E A D  ---------------

Current thread (0x0000000016bb4800):  JavaThread "C2 CompilerThread0" daemon [_thread_in_native, id=8164, stack(0x0000000018200000,0x0000000018300000)]

Stack: [0x0000000018200000,0x0000000018300000]
[error occurred during error reporting (printing stack bounds), id 0xc0000005]

Native frames: (J=compiled Java code, j=interpreted, Vv=VM code, C=native code)


Current CompileTask:
C2: 150378 15913 % !   4       com.android.tools.r8.dex.r::c @ 463 (2729 bytes)


---------------  P R O C E S S  ---------------

Java Threads: ( => current thread )
  0x000000001ea6f000 JavaThread "Cache worker for execution history cache (C:\Users\bindu hite\Desktop\Zinger-Seller-App\.gradle\6.5\executionHistory)" [_thread_blocked, id=17828, stack(0x000000002bcc0000,0x000000002bdc0000)]
  0x000000001ea73000 JavaThread "Execution worker for ':' Thread 3" [_thread_blocked, id=16488, stack(0x000000002bbc0000,0x000000002bcc0000)]
  0x000000001ea75000 JavaThread "Execution worker for ':' Thread 2" [_thread_blocked, id=20688, stack(0x000000002bac0000,0x000000002bbc0000)]
  0x000000001ea72000 JavaThread "Execution worker for ':'" [_thread_blocked, id=13096, stack(0x000000002a7b0000,0x000000002a8b0000)]
  0x000000001ea76000 JavaThread "Cache worker for file content cache (C:\Users\bindu hite\Desktop\Zinger-Seller-App\.gradle\6.5\fileContent)" [_thread_blocked, id=17240, stack(0x000000002a4b0000,0x000000002a5b0000)]
  0x000000001ea71800 JavaThread "Memory manager" [_thread_blocked, id=15552, stack(0x0000000028590000,0x0000000028690000)]
  0x000000001ea70000 JavaThread "Cache worker for Build Output Cleanup Cache (C:\Users\bindu hite\Desktop\Zinger-Seller-App\.gradle\buildOutputCleanup)" [_thread_blocked, id=12260, stack(0x0000000027e90000,0x0000000027f90000)]
  0x000000001d94d000 JavaThread "Build operations Thread 4" [_thread_in_native, id=2536, stack(0x0000000020890000,0x0000000020990000)]
  0x000000001d953800 JavaThread "Build operations Thread 3" [_thread_in_native, id=21188, stack(0x0000000020790000,0x0000000020890000)]
  0x000000001d953000 JavaThread "Build operations Thread 2" [_thread_in_native, id=22416, stack(0x0000000020690000,0x0000000020790000)]
  0x000000001d952000 JavaThread "Build operations" [_thread_in_native, id=15348, stack(0x0000000020590000,0x0000000020690000)]
  0x000000001d94e800 JavaThread "Cache worker for file content cache (C:\Users\bindu hite\.gradle\caches\6.5\fileContent)" [_thread_blocked, id=11796, stack(0x000000001fe90000,0x000000001ff90000)]
  0x0000000016bc5800 JavaThread "Cache worker for execution history cache (C:\Users\bindu hite\.gradle\caches\6.5\executionHistory)" [_thread_blocked, id=21732, stack(0x000000001f690000,0x000000001f790000)]
  0x0000000016bc5000 JavaThread "Cache worker for cache directory md-rule (C:\Users\bindu hite\.gradle\caches\6.5\md-rule)" [_thread_blocked, id=4876, stack(0x000000001f590000,0x000000001f690000)]
  0x0000000016bc8000 JavaThread "Cache worker for cache directory md-supplier (C:\Users\bindu hite\.gradle\caches\6.5\md-supplier)" [_thread_blocked, id=21576, stack(0x000000001f490000,0x000000001f590000)]
  0x0000000016bcb800 JavaThread "Cache worker for checksums cache (C:\Users\bindu hite\Desktop\Zinger-Seller-App\.gradle\checksums)" [_thread_blocked, id=1540, stack(0x000000001e150000,0x000000001e250000)]
  0x0000000016bc8800 JavaThread "Cache worker for file hash cache (C:\Users\bindu hite\Desktop\Zinger-Seller-App\.gradle\6.5\fileHashes)" [_thread_blocked, id=18044, stack(0x000000001de50000,0x000000001df50000)]
  0x0000000016bca000 JavaThread "Cache worker for file hash cache (C:\Users\bindu hite\.gradle\caches\6.5\fileHashes)" [_thread_blocked, id=22408, stack(0x000000001cb80000,0x000000001cc80000)]
  0x0000000016bcb000 JavaThread "File lock request listener" [_thread_in_native, id=19816, stack(0x000000001ca80000,0x000000001cb80000)]
  0x0000000016bc9800 JavaThread "Cache worker for journal cache (C:\Users\bindu hite\.gradle\caches\journal-1)" [_thread_blocked, id=17632, stack(0x000000001c980000,0x000000001ca80000)]
  0x000000001a90e800 JavaThread "Thread-9" [_thread_blocked, id=15004, stack(0x000000001c680000,0x000000001c780000)]
  0x000000001a901000 JavaThread "Asynchronous log dispatcher for DefaultDaemonConnection: socket connection from /127.0.0.1:56371 to /127.0.0.1:56372" [_thread_blocked, id=15608, stack(0x000000001c480000,0x000000001c580000)]
  0x000000001a8ff800 JavaThread "Daemon worker" [_thread_blocked, id=13032, stack(0x000000001c380000,0x000000001c480000)]
  0x000000001a8ff000 JavaThread "Cancel handler" [_thread_blocked, id=17808, stack(0x000000001c280000,0x000000001c380000)]
  0x000000001a842800 JavaThread "Handler for socket connection from /127.0.0.1:56371 to /127.0.0.1:56372" [_thread_in_native, id=21368, stack(0x000000001c180000,0x000000001c280000)]
  0x000000001a894000 JavaThread "Daemon" [_thread_blocked, id=12640, stack(0x000000001c080000,0x000000001c180000)]
  0x00000000197bb000 JavaThread "Daemon periodic checks" [_thread_blocked, id=17092, stack(0x000000001bd80000,0x000000001be80000)]
  0x00000000197ba000 JavaThread "Incoming local TCP Connector on port 56371" [_thread_in_native, id=9700, stack(0x000000001bb40000,0x000000001bc40000)]
  0x000000001a5a1800 JavaThread "Daemon health stats" [_thread_blocked, id=13280, stack(0x000000001b500000,0x000000001b600000)]
  0x0000000018532000 JavaThread "Service Thread" daemon [_thread_blocked, id=8732, stack(0x0000000018900000,0x0000000018a00000)]
  0x0000000016bc7000 JavaThread "C1 CompilerThread2" daemon [_thread_blocked, id=19880, stack(0x0000000018400000,0x0000000018500000)]
  0x0000000016bbd800 JavaThread "C2 CompilerThread1" daemon [_thread_in_native, id=14176, stack(0x0000000018300000,0x0000000018400000)]
=>0x0000000016bb4800 JavaThread "C2 CompilerThread0" daemon [_thread_in_native, id=8164, stack(0x0000000018200000,0x0000000018300000)]
  0x0000000016bb3000 JavaThread "Attach Listener" daemon [_thread_blocked, id=19380, stack(0x0000000018100000,0x0000000018200000)]
  0x0000000016bb2000 JavaThread "Signal Dispatcher" daemon [_thread_blocked, id=16320, stack(0x0000000018000000,0x0000000018100000)]
  0x000000000323b000 JavaThread "Finalizer" daemon [_thread_blocked, id=3748, stack(0x0000000017e00000,0x0000000017f00000)]
  0x0000000016b99000 JavaThread "Reference Handler" daemon [_thread_blocked, id=7460, stack(0x0000000017d00000,0x0000000017e00000)]
  0x000000000178e000 JavaThread "main" [_thread_blocked, id=12216, stack(0x0000000003040000,0x0000000003140000)]

Other Threads:
  0x0000000016b76000 VMThread [stack: 0x0000000017c00000,0x0000000017d00000] [id=21912]
  0x0000000018532800 WatcherThread [stack: 0x0000000018a00000,0x0000000018b00000] [id=14844]

VM state:not at safepoint (normal execution)

VM Mutex/Monitor currently owned by a thread: None

heap address: 0x00000000a0000000, size: 1536 MB, Compressed Oops mode: 32-bit
Narrow klass base: 0x0000000000000000, Narrow klass shift: 3
Compressed class space size: 1073741824 Address: 0x0000000100000000

Heap:
 PSYoungGen      total 446976K, used 349149K [0x00000000e0000000, 0x00000000feb00000, 0x0000000100000000)
  eden space 395264K, 87% used [0x00000000e0000000,0x00000000f505dba8,0x00000000f8200000)
  from space 51712K, 9% used [0x00000000fb700000,0x00000000fbb998b0,0x00000000fe980000)
  to   space 53760K, 0% used [0x00000000f8200000,0x00000000f8200000,0x00000000fb680000)
 ParOldGen       total 193024K, used 114674K [0x00000000a0000000, 0x00000000abc80000, 0x00000000e0000000)
  object space 193024K, 59% used [0x00000000a0000000,0x00000000a6ffc990,0x00000000abc80000)
 Metaspace       used 83735K, capacity 87954K, committed 88216K, reserved 1126400K
  class space    used 11294K, capacity 12105K, committed 12208K, reserved 1048576K

Card table byte_map: [0x0000000012600000,0x0000000012910000] byte_map_base: 0x0000000012100000

Marking Bits: (ParMarkBitMap*) 0x0000000067eaf030
 Begin Bits: [0x0000000012f10000, 0x0000000014710000)
 End Bits:   [0x0000000014710000, 0x0000000015f10000)

Polling page: 0x0000000001730000

CodeCache: size=245760Kb used=48375Kb max_used=48377Kb free=197384Kb
 bounds [0x0000000003240000, 0x00000000061c0000, 0x0000000012240000]
 total_blobs=14101 nmethods=13272 adapters=739
 compilation: enabled

Compilation events (10 events):
Event: 150.165 Thread 0x0000000016bc7000 15958       2       org.gradle.internal.execution.steps.CaptureStateBeforeExecutionStep$$Lambda$537/1484884468::get$Lambda (10 bytes)
Event: 150.165 Thread 0x0000000016bc7000 nmethod 15958 0x000000000619bcd0 code [0x000000000619be20, 0x000000000619bfd0]
Event: 150.165 Thread 0x0000000016bc7000 15959       2       org.gradle.internal.execution.steps.CaptureStateBeforeExecutionStep$$Lambda$537/1484884468::<init> (15 bytes)
Event: 150.166 Thread 0x0000000016bc7000 nmethod 15959 0x000000000619b990 code [0x000000000619bae0, 0x000000000619bc50]
Event: 150.185 Thread 0x0000000016bc7000 15960       2       org.gradle.internal.snapshot.impl.BooleanValueSnapshot::isolate (5 bytes)
Event: 150.186 Thread 0x0000000016bc7000 nmethod 15960 0x000000000619b650 code [0x000000000619b7a0, 0x000000000619b8f0]
Event: 150.206 Thread 0x0000000016bc7000 15961       2       javax.management.ObjectName::getCanonicalKeyPropertyListString (44 bytes)
Event: 150.207 Thread 0x0000000016bc7000 nmethod 15961 0x000000000619b210 code [0x000000000619b380, 0x000000000619b548]
Event: 150.330 Thread 0x0000000016bc7000 15962       2       java.util.function.Function::identity (6 bytes)
Event: 150.331 Thread 0x0000000016bc7000 nmethod 15962 0x000000000619af10 code [0x000000000619b060, 0x000000000619b190]

GC Heap History (10 events):
Event: 131.458 GC heap before
{Heap before GC invocations=46 (full 4):
 PSYoungGen      total 413696K, used 394762K [0x00000000e0000000, 0x00000000fe000000, 0x0000000100000000)
  eden space 355328K, 100% used [0x00000000e0000000,0x00000000f5b00000,0x00000000f5b00000)
  from space 58368K, 67% used [0x00000000f5b00000,0x00000000f8182a80,0x00000000f9400000)
  to   space 59392K, 0% used [0x00000000fa600000,0x00000000fa600000,0x00000000fe000000)
 ParOldGen       total 193024K, used 101037K [0x00000000a0000000, 0x00000000abc80000, 0x00000000e0000000)
  object space 193024K, 52% used [0x00000000a0000000,0x00000000a62ab4e0,0x00000000abc80000)
 Metaspace       used 83649K, capacity 87942K, committed 88216K, reserved 1126400K
  class space    used 11292K, capacity 12105K, committed 12208K, reserved 1048576K
Event: 131.544 GC heap after
Heap after GC invocations=46 (full 4):
 PSYoungGen      total 430080K, used 34525K [0x00000000e0000000, 0x00000000fdd80000, 0x0000000100000000)
  eden space 373248K, 0% used [0x00000000e0000000,0x00000000e0000000,0x00000000f6c80000)
  from space 56832K, 60% used [0x00000000fa600000,0x00000000fc7b74e8,0x00000000fdd80000)
  to   space 57856K, 0% used [0x00000000f6c80000,0x00000000f6c80000,0x00000000fa500000)
 ParOldGen       total 193024K, used 102807K [0x00000000a0000000, 0x00000000abc80000, 0x00000000e0000000)
  object space 193024K, 53% used [0x00000000a0000000,0x00000000a6465ee0,0x00000000abc80000)
 Metaspace       used 83649K, capacity 87942K, committed 88216K, reserved 1126400K
  class space    used 11292K, capacity 12105K, committed 12208K, reserved 1048576K
}
Event: 133.755 GC heap before
{Heap before GC invocations=47 (full 4):
 PSYoungGen      total 430080K, used 407773K [0x00000000e0000000, 0x00000000fdd80000, 0x0000000100000000)
  eden space 373248K, 100% used [0x00000000e0000000,0x00000000f6c80000,0x00000000f6c80000)
  from space 56832K, 60% used [0x00000000fa600000,0x00000000fc7b74e8,0x00000000fdd80000)
  to   space 57856K, 0% used [0x00000000f6c80000,0x00000000f6c80000,0x00000000fa500000)
 ParOldGen       total 193024K, used 102807K [0x00000000a0000000, 0x00000000abc80000, 0x00000000e0000000)
  object space 193024K, 53% used [0x00000000a0000000,0x00000000a6465ee0,0x00000000abc80000)
 Metaspace       used 83651K, capacity 87942K, committed 88216K, reserved 1126400K
  class space    used 11292K, capacity 12105K, committed 12208K, reserved 1048576K
Event: 133.873 GC heap after
Heap after GC invocations=47 (full 4):
 PSYoungGen      total 431104K, used 26399K [0x00000000e0000000, 0x00000000fdd80000, 0x0000000100000000)
  eden space 373248K, 0% used [0x00000000e0000000,0x00000000e0000000,0x00000000f6c80000)
  from space 57856K, 45% used [0x00000000f6c80000,0x00000000f8647f88,0x00000000fa500000)
  to   space 56832K, 0% used [0x00000000fa600000,0x00000000fa600000,0x00000000fdd80000)
 ParOldGen       total 193024K, used 112264K [0x00000000a0000000, 0x00000000abc80000, 0x00000000e0000000)
  object space 193024K, 58% used [0x00000000a0000000,0x00000000a6da2238,0x00000000abc80000)
 Metaspace       used 83651K, capacity 87942K, committed 88216K, reserved 1126400K
  class space    used 11292K, capacity 12105K, committed 12208K, reserved 1048576K
}
Event: 136.129 GC heap before
{Heap before GC invocations=48 (full 4):
 PSYoungGen      total 431104K, used 399647K [0x00000000e0000000, 0x00000000fdd80000, 0x0000000100000000)
  eden space 373248K, 100% used [0x00000000e0000000,0x00000000f6c80000,0x00000000f6c80000)
  from space 57856K, 45% used [0x00000000f6c80000,0x00000000f8647f88,0x00000000fa500000)
  to   space 56832K, 0% used [0x00000000fa600000,0x00000000fa600000,0x00000000fdd80000)
 ParOldGen       total 193024K, used 112264K [0x00000000a0000000, 0x00000000abc80000, 0x00000000e0000000)
  object space 193024K, 58% used [0x00000000a0000000,0x00000000a6da2238,0x00000000abc80000)
 Metaspace       used 83669K, capacity 87942K, committed 88216K, reserved 1126400K
  class space    used 11292K, capacity 12105K, committed 12208K, reserved 1048576K
Event: 136.226 GC heap after
Heap after GC invocations=48 (full 4):
 PSYoungGen      total 435200K, used 31503K [0x00000000e0000000, 0x00000000fe900000, 0x0000000100000000)
  eden space 378368K, 0% used [0x00000000e0000000,0x00000000e0000000,0x00000000f7180000)
  from space 56832K, 55% used [0x00000000fa600000,0x00000000fc4c3d80,0x00000000fdd80000)
  to   space 53760K, 0% used [0x00000000f7180000,0x00000000f7180000,0x00000000fa600000)
 ParOldGen       total 193024K, used 113674K [0x00000000a0000000, 0x00000000abc80000, 0x00000000e0000000)
  object space 193024K, 58% used [0x00000000a0000000,0x00000000a6f02980,0x00000000abc80000)
 Metaspace       used 83669K, capacity 87942K, committed 88216K, reserved 1126400K
  class space    used 11292K, capacity 12105K, committed 12208K, reserved 1048576K
}
Event: 138.094 GC heap before
{Heap before GC invocations=49 (full 4):
 PSYoungGen      total 435200K, used 409871K [0x00000000e0000000, 0x00000000fe900000, 0x0000000100000000)
  eden space 378368K, 100% used [0x00000000e0000000,0x00000000f7180000,0x00000000f7180000)
  from space 56832K, 55% used [0x00000000fa600000,0x00000000fc4c3d80,0x00000000fdd80000)
  to   space 53760K, 0% used [0x00000000f7180000,0x00000000f7180000,0x00000000fa600000)
 ParOldGen       total 193024K, used 113674K [0x00000000a0000000, 0x00000000abc80000, 0x00000000e0000000)
  object space 193024K, 58% used [0x00000000a0000000,0x00000000a6f02980,0x00000000abc80000)
 Metaspace       used 83672K, capacity 87942K, committed 88216K, reserved 1126400K
  class space    used 11292K, capacity 12105K, committed 12208K, reserved 1048576K
Event: 138.149 GC heap after
Heap after GC invocations=49 (full 4):
 PSYoungGen      total 432128K, used 29901K [0x00000000e0000000, 0x00000000fe980000, 0x0000000100000000)
  eden space 378368K, 0% used [0x00000000e0000000,0x00000000e0000000,0x00000000f7180000)
  from space 53760K, 55% used [0x00000000f7180000,0x00000000f8eb36f0,0x00000000fa600000)
  to   space 51712K, 0% used [0x00000000fb700000,0x00000000fb700000,0x00000000fe980000)
 ParOldGen       total 193024K, used 114386K [0x00000000a0000000, 0x00000000abc80000, 0x00000000e0000000)
  object space 193024K, 59% used [0x00000000a0000000,0x00000000a6fb4980,0x00000000abc80000)
 Metaspace       used 83672K, capacity 87942K, committed 88216K, reserved 1126400K
  class space    used 11292K, capacity 12105K, committed 12208K, reserved 1048576K
}
Event: 141.875 GC heap before
{Heap before GC invocations=50 (full 4):
 PSYoungGen      total 432128K, used 408269K [0x00000000e0000000, 0x00000000fe980000, 0x0000000100000000)
  eden space 378368K, 100% used [0x00000000e0000000,0x00000000f7180000,0x00000000f7180000)
  from space 53760K, 55% used [0x00000000f7180000,0x00000000f8eb36f0,0x00000000fa600000)
  to   space 51712K, 0% used [0x00000000fb700000,0x00000000fb700000,0x00000000fe980000)
 ParOldGen       total 193024K, used 114386K [0x00000000a0000000, 0x00000000abc80000, 0x00000000e0000000)
  object space 193024K, 59% used [0x00000000a0000000,0x00000000a6fb4980,0x00000000abc80000)
 Metaspace       used 83698K, capacity 87942K, committed 88216K, reserved 1126400K
  class space    used 11293K, capacity 12105K, committed 12208K, reserved 1048576K
Event: 141.937 GC heap after
Heap after GC invocations=50 (full 4):
 PSYoungGen      total 446976K, used 4710K [0x00000000e0000000, 0x00000000feb00000, 0x0000000100000000)
  eden space 395264K, 0% used [0x00000000e0000000,0x00000000e0000000,0x00000000f8200000)
  from space 51712K, 9% used [0x00000000fb700000,0x00000000fbb998b0,0x00000000fe980000)
  to   space 53760K, 0% used [0x00000000f8200000,0x00000000f8200000,0x00000000fb680000)
 ParOldGen       total 193024K, used 114674K [0x00000000a0000000, 0x00000000abc80000, 0x00000000e0000000)
  object space 193024K, 59% used [0x00000000a0000000,0x00000000a6ffc990,0x00000000abc80000)
 Metaspace       used 83698K, capacity 87942K, committed 88216K, reserved 1126400K
  class space    used 11293K, capacity 12105K, committed 12208K, reserved 1048576K
}

Deoptimization events (10 events):
Event: 140.686 Thread 0x000000001d953000 Uncommon trap: reason=bimorphic action=maybe_recompile pc=0x0000000006016134 method=com.android.tools.r8.graph.Y.collectIndexedItems(Lcom/android/tools/r8/dex/v;)V @ 4
Event: 140.686 Thread 0x000000001d953000 Uncommon trap: reason=bimorphic action=maybe_recompile pc=0x0000000006016134 method=com.android.tools.r8.graph.Y.collectIndexedItems(Lcom/android/tools/r8/dex/v;)V @ 4
Event: 141.338 Thread 0x000000001d953800 Uncommon trap: reason=null_check action=make_not_entrant pc=0x0000000006047658 method=com.android.tools.r8.graph.Z0.a(Lcom/android/tools/r8/graph/d0;)Lcom/android/tools/r8/graph/W; @ 16
Event: 144.165 Thread 0x000000001d953800 Uncommon trap: reason=unstable_if action=reinterpret pc=0x0000000006040144 method=com.android.tools.r8.ir.regalloc.h.a(ILcom/android/tools/r8/ir/regalloc/h$a;)Z @ 73
Event: 144.166 Thread 0x000000001d953800 Uncommon trap: reason=unstable_if action=reinterpret pc=0x0000000004af7a48 method=com.android.tools.r8.ir.regalloc.h.a(ILcom/android/tools/r8/ir/regalloc/h$a;)Z @ 73
Event: 145.566 Thread 0x000000001d952000 Uncommon trap: reason=unstable_if action=reinterpret pc=0x0000000004fe95b0 method=com.android.tools.r8.z.a.a.B.a()Ljava/lang/String; @ 8
Event: 146.587 Thread 0x000000001d953000 Uncommon trap: reason=class_check action=maybe_recompile pc=0x0000000005dd0b68 method=com.android.tools.r8.s.a.p.f.equals(Ljava/lang/Object;)Z @ 8
Event: 146.587 Thread 0x000000001d953000 Uncommon trap: reason=class_check action=maybe_recompile pc=0x0000000005dd0b68 method=com.android.tools.r8.s.a.p.f.equals(Ljava/lang/Object;)Z @ 8
Event: 146.587 Thread 0x000000001d953000 Uncommon trap: reason=class_check action=maybe_recompile pc=0x0000000005dd0b68 method=com.android.tools.r8.s.a.p.f.equals(Ljava/lang/Object;)Z @ 8
Event: 146.588 Thread 0x000000001d953000 Uncommon trap: reason=class_check action=maybe_recompile pc=0x0000000005dd0b68 method=com.android.tools.r8.s.a.p.f.equals(Ljava/lang/Object;)Z @ 8

Classes redefined (0 events):
No events

Internal exceptions (10 events):
Event: 149.222 Thread 0x000000001d953800 Exception <a 'sun/nio/fs/WindowsException'> (0x00000000f2803190) thrown at [C:\src\AOSP-openjdk-git\hotspot\src\share\vm\prims\jni.cpp, line 710]
Event: 149.439 Thread 0x000000001d94d000 Exception <a 'sun/nio/fs/WindowsException'> (0x00000000f3f8f880) thrown at [C:\src\AOSP-openjdk-git\hotspot\src\share\vm\prims\jni.cpp, line 710]
Event: 149.638 Thread 0x000000001d953800 Exception <a 'sun/nio/fs/WindowsException'> (0x00000000f473f1f0) thrown at [C:\src\AOSP-openjdk-git\hotspot\src\share\vm\prims\jni.cpp, line 710]
Event: 149.661 Thread 0x000000001d953000 Exception <a 'sun/nio/fs/WindowsException'> (0x00000000f4465c00) thrown at [C:\src\AOSP-openjdk-git\hotspot\src\share\vm\prims\jni.cpp, line 710]
Event: 149.839 Thread 0x000000001d94d000 Exception <a 'sun/nio/fs/WindowsException'> (0x00000000f3febf78) thrown at [C:\src\AOSP-openjdk-git\hotspot\src\share\vm\prims\jni.cpp, line 710]
Event: 149.896 Thread 0x000000001d94d000 Exception <a 'sun/nio/fs/WindowsException'> (0x00000000f4abd658) thrown at [C:\src\AOSP-openjdk-git\hotspot\src\share\vm\prims\jni.cpp, line 710]
Event: 150.093 Thread 0x000000001d952000 Exception <a 'sun/nio/fs/WindowsException'> (0x00000000f4d2d678) thrown at [C:\src\AOSP-openjdk-git\hotspot\src\share\vm\prims\jni.cpp, line 710]
Event: 150.166 Thread 0x000000001d952000 Exception <a 'sun/nio/fs/WindowsException'> (0x00000000f4f8c588) thrown at [C:\src\AOSP-openjdk-git\hotspot\src\share\vm\prims\jni.cpp, line 710]
Event: 150.327 Thread 0x000000001d953000 Exception <a 'sun/nio/fs/WindowsException'> (0x00000000f44bb270) thrown at [C:\src\AOSP-openjdk-git\hotspot\src\share\vm\prims\jni.cpp, line 710]
Event: 150.349 Thread 0x000000001d953000 Exception <a 'sun/nio/fs/WindowsException'> (0x00000000f458c118) thrown at [C:\src\AOSP-openjdk-git\hotspot\src\share\vm\prims\jni.cpp, line 710]

Events (10 events):
Event: 146.587 Thread 0x000000001d953000 Uncommon trap: trap_request=0xffffffde fr.pc=0x0000000005dd0b68
Event: 146.587 Thread 0x000000001d953000 DEOPT PACKING pc=0x0000000005dd0b68 sp=0x0000000020789eb0
Event: 146.588 Thread 0x000000001d953000 DEOPT UNPACKING pc=0x000000000328557b sp=0x0000000020789e58 mode 2
Event: 146.588 Thread 0x000000001d953000 Uncommon trap: trap_request=0xffffffde fr.pc=0x0000000005dd0b68
Event: 146.588 Thread 0x000000001d953000 DEOPT PACKING pc=0x0000000005dd0b68 sp=0x0000000020789eb0
Event: 146.588 Thread 0x000000001d953000 DEOPT UNPACKING pc=0x000000000328557b sp=0x0000000020789e58 mode 2
Event: 147.891 loading class com/android/tools/r8/ir/optimize/c0
Event: 147.891 loading class com/android/tools/r8/ir/optimize/c0 done
Event: 149.416 Thread 0x000000001d94d000 DEOPT PACKING pc=0x00000000050d7386 sp=0x000000002098b240
Event: 149.417 Thread 0x000000001d94d000 DEOPT UNPACKING pc=0x00000000032875d0 sp=0x000000002098afb8 mode 0


Dynamic libraries:
0x00007ff6adad0000 - 0x00007ff6adb01000 	C:\Program Files\Android\Android Studio\jre\bin\java.exe
0x00007fff9f410000 - 0x00007fff9f608000 	C:\WINDOWS\SYSTEM32\ntdll.dll
0x00007fff9f030000 - 0x00007fff9f0ed000 	C:\WINDOWS\System32\KERNEL32.DLL
0x00007fff9cb20000 - 0x00007fff9cdf2000 	C:\WINDOWS\System32\KERNELBASE.dll
0x00007fff9de60000 - 0x00007fff9df0e000 	C:\WINDOWS\System32\ADVAPI32.dll
0x00007fff9dfd0000 - 0x00007fff9e06e000 	C:\WINDOWS\System32\msvcrt.dll
0x00007fff9d470000 - 0x00007fff9d50c000 	C:\WINDOWS\System32\sechost.dll
0x00007fff9f110000 - 0x00007fff9f235000 	C:\WINDOWS\System32\RPCRT4.dll
0x00007fff9dcb0000 - 0x00007fff9de4d000 	C:\WINDOWS\System32\USER32.dll
0x00007fff9d3b0000 - 0x00007fff9d3d2000 	C:\WINDOWS\System32\win32u.dll
0x00007fff9d790000 - 0x00007fff9d7bb000 	C:\WINDOWS\System32\GDI32.dll
0x00007fff9d2a0000 - 0x00007fff9d3af000 	C:\WINDOWS\System32\gdi32full.dll
0x00007fff9cf00000 - 0x00007fff9cf9d000 	C:\WINDOWS\System32\msvcp_win.dll
0x00007fff9ce00000 - 0x00007fff9cf00000 	C:\WINDOWS\System32\ucrtbase.dll
0x00007fff853c0000 - 0x00007fff8565a000 	C:\WINDOWS\WinSxS\amd64_microsoft.windows.common-controls_6595b64144ccf1df_6.0.19041.1110_none_60b5254171f9507e\COMCTL32.dll
0x00007fff9d510000 - 0x00007fff9d540000 	C:\WINDOWS\System32\IMM32.DLL
0x0000000066cb0000 - 0x0000000066d82000 	C:\Program Files\Android\Android Studio\jre\jre\bin\msvcr100.dll
0x00000000676e0000 - 0x0000000067f2b000 	C:\Program Files\Android\Android Studio\jre\jre\bin\server\jvm.dll
0x00007fff9df10000 - 0x00007fff9df18000 	C:\WINDOWS\System32\PSAPI.DLL
0x00007fff933e0000 - 0x00007fff93407000 	C:\WINDOWS\SYSTEM32\WINMM.dll
0x00007fff8f7a0000 - 0x00007fff8f7aa000 	C:\WINDOWS\SYSTEM32\VERSION.dll
0x00007fff919e0000 - 0x00007fff919e9000 	C:\WINDOWS\SYSTEM32\WSOCK32.dll
0x00007fff9f360000 - 0x00007fff9f3cb000 	C:\WINDOWS\System32\WS2_32.dll
0x00007fff919a0000 - 0x00007fff919af000 	C:\Program Files\Android\Android Studio\jre\jre\bin\verify.dll
0x00007fff90c50000 - 0x00007fff90c79000 	C:\Program Files\Android\Android Studio\jre\jre\bin\java.dll
0x00007fff84fb0000 - 0x00007fff84fc6000 	C:\Program Files\Android\Android Studio\jre\jre\bin\zip.dll
0x00007fff9e5c0000 - 0x00007fff9ed03000 	C:\WINDOWS\System32\SHELL32.dll
0x00007fff9ab80000 - 0x00007fff9b311000 	C:\WINDOWS\SYSTEM32\windows.storage.dll
0x00007fff9d8f0000 - 0x00007fff9dc44000 	C:\WINDOWS\System32\combase.dll
0x00007fff9c4a0000 - 0x00007fff9c4d0000 	C:\WINDOWS\SYSTEM32\Wldp.dll
0x00007fff9df20000 - 0x00007fff9dfcd000 	C:\WINDOWS\System32\SHCORE.dll
0x00007fff9d890000 - 0x00007fff9d8e5000 	C:\WINDOWS\System32\shlwapi.dll
0x00007fff9ca60000 - 0x00007fff9ca7f000 	C:\WINDOWS\SYSTEM32\profapi.dll
0x00007fff84f50000 - 0x00007fff84f6a000 	C:\Program Files\Android\Android Studio\jre\jre\bin\net.dll
0x00007fff9c200000 - 0x00007fff9c26a000 	C:\WINDOWS\system32\mswsock.dll
0x00007fff90c30000 - 0x00007fff90c43000 	C:\Program Files\Android\Android Studio\jre\jre\bin\nio.dll
0x00007fff7f010000 - 0x00007fff7f037000 	C:\Users\bindu hite\.gradle\native\f6784746aeab05261644944871eae4fe03e0ef1612fff0a4a95f87b438bc6780\windows-amd64\native-platform.dll
0x00007fff90c10000 - 0x00007fff90c1d000 	C:\Program Files\Android\Android Studio\jre\jre\bin\management.dll
0x00007fff9c3f0000 - 0x00007fff9c408000 	C:\WINDOWS\SYSTEM32\CRYPTSP.dll
0x00007fff9bae0000 - 0x00007fff9bb14000 	C:\WINDOWS\system32\rsaenh.dll
0x00007fff9d220000 - 0x00007fff9d247000 	C:\WINDOWS\System32\bcrypt.dll
0x00007fff9c9e0000 - 0x00007fff9ca0e000 	C:\WINDOWS\SYSTEM32\USERENV.dll
0x00007fff9d3e0000 - 0x00007fff9d462000 	C:\WINDOWS\System32\bcryptprimitives.dll
0x00007fff9c410000 - 0x00007fff9c41c000 	C:\WINDOWS\SYSTEM32\CRYPTBASE.dll
0x00007fff9bec0000 - 0x00007fff9befb000 	C:\WINDOWS\SYSTEM32\IPHLPAPI.DLL
0x00007fff9d540000 - 0x00007fff9d548000 	C:\WINDOWS\System32\NSI.dll
0x00007fff8f780000 - 0x00007fff8f797000 	C:\WINDOWS\SYSTEM32\dhcpcsvc6.DLL
0x00007fff8d7a0000 - 0x00007fff8d7bd000 	C:\WINDOWS\SYSTEM32\dhcpcsvc.DLL
0x00007fff9bf10000 - 0x00007fff9bfda000 	C:\WINDOWS\SYSTEM32\DNSAPI.dll
0x00007fff91ea0000 - 0x00007fff91eab000 	C:\WINDOWS\SYSTEM32\WINNSI.DLL

VM Arguments:
jvm_args: -Xmx1536m -Dfile.encoding=windows-1252 -Duser.country=IN -Duser.language=en -Duser.variant 
java_command: org.gradle.launcher.daemon.bootstrap.GradleDaemon 6.5
java_class_path (initial): C:\Users\bindu hite\.gradle\wrapper\dists\gradle-6.5-bin\6nifqtx7604sqp1q6g8wikw7p\gradle-6.5\lib\gradle-launcher-6.5.jar
Launcher Type: SUN_STANDARD

Environment Variables:
PATH=C:\WINDOWS\system32;C:\WINDOWS;C:\WINDOWS\System32\Wbem;C:\WINDOWS\System32\WindowsPowerShell\v1.0\;C:\WINDOWS\System32\OpenSSH\;C:\Program Files\Git\cmd;C:\Program Files\PuTTY\;C:\python3.7\Scripts;;C:\Program Files\Docker\Docker\resources\bin;C:\ProgramData\DockerDesktop\version-bin;C:\Program Files\MySQL\MySQL Shell 8.0\bin\;C:\Users\bindu hite\AppData\Local\Microsoft\WindowsApps;;C:\Program Files\JetBrains\IntelliJ IDEA Community Edition 2022.1\bin;;C:\Program Files\heroku\bin
USERNAME=bindu hite
OS=Windows_NT
PROCESSOR_IDENTIFIER=Intel64 Family 6 Model 142 Stepping 9, GenuineIntel



---------------  S Y S T E M  ---------------

OS: Windows 10.0 , 64 bit Build 19041 (10.0.19041.1889)

CPU:total 4 (initial active 4) (2 cores per cpu, 2 threads per core) family 6 model 142 stepping 9, cmov, cx8, fxsr, mmx, sse, sse2, sse3, ssse3, sse4.1, sse4.2, popcnt, avx, avx2, aes, clmul, erms, 3dnowpref, lzcnt, ht, tsc, tscinvbit, bmi1, bmi2, adx

Memory: 4k page, physical 4073696k(218760k free), swap 16656608k(7228k free)

vm_info: OpenJDK 64-Bit Server VM (25.242-b01) for windows-amd64 JRE (1.8.0_242-release-1644-b01), built by "builder" with MS VC++ 10.0 (VS2010)

time: Sat Nov 19 14:24:17 2022
timezone: India Standard Time
elapsed time: 150 seconds (0d 0h 2m 30s)

