#
# There is insufficient memory for the Java Runtime Environment to continue.
# Native memory allocation (malloc) failed to allocate 1244560 bytes for Chunk::new
# Possible reasons:
#   The system is out of physical RAM or swap space
#   The process is running with CompressedOops enabled, and the Java Heap may be blocking the growth of the native heap
# Possible solutions:
#   Reduce memory load on the system
#   Increase physical memory or swap space
#   Check if swap backing store is full
#   Decrease Java heap size (-Xmx/-Xms)
#   Decrease number of Java threads
#   Decrease Java thread stack sizes (-Xss)
#   Set larger code cache with -XX:ReservedCodeCacheSize=
#   JVM is running with Unscaled Compressed Oops mode in which the Java heap is
#     placed in the first 4GB address space. The Java Heap base address is the
#     maximum limit for the native heap growth. Please use -XX:HeapBaseMinAddress
#     to set the Java Heap base and to place the Java Heap above 4GB virtual address.
# This output file may be truncated or incomplete.
#
#  Out of Memory Error (allocation.cpp:389), pid=22516, tid=0x0000000000000608
#
# JRE version: OpenJDK Runtime Environment (8.0_242-b01) (build 1.8.0_242-release-1644-b01)
# Java VM: OpenJDK 64-Bit Server VM (25.242-b01 mixed mode windows-amd64 compressed oops)
# Failed to write core dump. Minidumps are not enabled by default on client versions of Windows
#

---------------  T H R E A D  ---------------

Current thread (0x000000001614b800):  JavaThread "C2 CompilerThread1" daemon [_thread_in_native, id=1544, stack(0x00000000178a0000,0x00000000179a0000)]

Stack: [0x00000000178a0000,0x00000000179a0000]
[error occurred during error reporting (printing stack bounds), id 0xc0000005]

Native frames: (J=compiled Java code, j=interpreted, Vv=VM code, C=native code)


Current CompileTask:
C2: 193112 17991       4       com.android.tools.r8.ir.optimize.a0::a (1308 bytes)


---------------  P R O C E S S  ---------------

Java Threads: ( => current thread )
  0x00000000195b3800 JavaThread "Cache worker for Java compile cache (C:\Users\bindu hite\Desktop\Zinger-Seller-App\.gradle\6.5\javaCompile)" [_thread_blocked, id=22208, stack(0x00000000219d0000,0x0000000021ad0000)]
  0x00000000195ae000 JavaThread "Cache worker for Java compile cache (C:\Users\bindu hite\.gradle\caches\6.5\javaCompile)" [_thread_blocked, id=14592, stack(0x00000000217d0000,0x00000000218d0000)]
  0x00000000195b2800 JavaThread "RMI TCP Connection(idle)" daemon [_thread_blocked, id=13416, stack(0x00000000216d0000,0x00000000217d0000)]
  0x00000000195b2000 JavaThread "RMI Reaper" [_thread_blocked, id=8172, stack(0x00000000215d0000,0x00000000216d0000)]
  0x00000000195af000 JavaThread "RMI TCP Accept-0" daemon [_thread_in_native, id=10328, stack(0x00000000214d0000,0x00000000215d0000)]
  0x00000000195b1000 JavaThread "GC Daemon" daemon [_thread_blocked, id=19916, stack(0x00000000213d0000,0x00000000214d0000)]
  0x00000000195ac000 JavaThread "RMI Scheduler(0)" daemon [_thread_blocked, id=2740, stack(0x000000001bb20000,0x000000001bc20000)]
  0x000000001ee74800 JavaThread "Cache worker for execution history cache (C:\Users\bindu hite\Desktop\Zinger-Seller-App\.gradle\6.5\executionHistory)" [_thread_blocked, id=19028, stack(0x000000002afc0000,0x000000002b0c0000)]
  0x000000001ee75800 JavaThread "Execution worker for ':' Thread 3" [_thread_blocked, id=14644, stack(0x000000002aaa0000,0x000000002aba0000)]
  0x000000001ee6a000 JavaThread "Execution worker for ':' Thread 2" [_thread_blocked, id=13152, stack(0x00000000299d0000,0x0000000029ad0000)]
  0x000000001ee71000 JavaThread "Execution worker for ':'" [_thread_blocked, id=18492, stack(0x0000000000bc0000,0x0000000000cc0000)]
  0x000000001ee69800 JavaThread "Cache worker for file content cache (C:\Users\bindu hite\Desktop\Zinger-Seller-App\.gradle\6.5\fileContent)" [_thread_blocked, id=19576, stack(0x00000000298d0000,0x00000000299d0000)]
  0x000000001ee70000 JavaThread "Memory manager" [_thread_blocked, id=20460, stack(0x00000000297d0000,0x00000000298d0000)]
  0x000000001ee6f800 JavaThread "Cache worker for Build Output Cleanup Cache (C:\Users\bindu hite\Desktop\Zinger-Seller-App\.gradle\buildOutputCleanup)" [_thread_blocked, id=10120, stack(0x00000000286d0000,0x00000000287d0000)]
  0x0000000019d32800 JavaThread "Build operations Thread 4" [_thread_in_Java, id=452, stack(0x0000000020ed0000,0x0000000020fd0000)]
  0x0000000019d33800 JavaThread "Build operations Thread 3" [_thread_in_Java, id=13588, stack(0x0000000020dd0000,0x0000000020ed0000)]
  0x0000000019d30800 JavaThread "Build operations Thread 2" [_thread_blocked, id=2348, stack(0x0000000020cd0000,0x0000000020dd0000)]
  0x0000000019d32000 JavaThread "Build operations" [_thread_in_Java, id=22184, stack(0x0000000020bd0000,0x0000000020cd0000)]
  0x0000000019d26000 JavaThread "Cache worker for file content cache (C:\Users\bindu hite\.gradle\caches\6.5\fileContent)" [_thread_blocked, id=17720, stack(0x00000000204d0000,0x00000000205d0000)]
  0x0000000019d2c000 JavaThread "Cache worker for execution history cache (C:\Users\bindu hite\.gradle\caches\6.5\executionHistory)" [_thread_blocked, id=1844, stack(0x000000001fcd0000,0x000000001fdd0000)]
  0x0000000019d25000 JavaThread "Cache worker for cache directory md-rule (C:\Users\bindu hite\.gradle\caches\6.5\md-rule)" [_thread_blocked, id=7448, stack(0x000000001e920000,0x000000001ea20000)]
  0x0000000019d29000 JavaThread "Cache worker for cache directory md-supplier (C:\Users\bindu hite\.gradle\caches\6.5\md-supplier)" [_thread_blocked, id=16408, stack(0x000000001e6c0000,0x000000001e7c0000)]
  0x0000000019d2a800 JavaThread "Cache worker for checksums cache (C:\Users\bindu hite\Desktop\Zinger-Seller-App\.gradle\checksums)" [_thread_blocked, id=13320, stack(0x000000001e5c0000,0x000000001e6c0000)]
  0x0000000019d28000 JavaThread "Cache worker for file hash cache (C:\Users\bindu hite\Desktop\Zinger-Seller-App\.gradle\6.5\fileHashes)" [_thread_blocked, id=10792, stack(0x000000001e2c0000,0x000000001e3c0000)]
  0x0000000019d27800 JavaThread "Cache worker for file hash cache (C:\Users\bindu hite\.gradle\caches\6.5\fileHashes)" [_thread_blocked, id=18016, stack(0x000000001e820000,0x000000001e920000)]
  0x0000000019d29800 JavaThread "File lock request listener" [_thread_in_native, id=18816, stack(0x000000001cff0000,0x000000001d0f0000)]
  0x0000000019d26800 JavaThread "Cache worker for journal cache (C:\Users\bindu hite\.gradle\caches\journal-1)" [_thread_blocked, id=17068, stack(0x000000001bf20000,0x000000001c020000)]
  0x0000000019cb7000 JavaThread "Thread-9" [_thread_blocked, id=18832, stack(0x000000001bc20000,0x000000001bd20000)]
  0x0000000019cb6000 JavaThread "Asynchronous log dispatcher for DefaultDaemonConnection: socket connection from /127.0.0.1:55807 to /127.0.0.1:55809" [_thread_blocked, id=16924, stack(0x000000001ba20000,0x000000001bb20000)]
  0x0000000019cb2800 JavaThread "Daemon worker" [_thread_blocked, id=16212, stack(0x000000001b920000,0x000000001ba20000)]
  0x0000000019cb5800 JavaThread "Cancel handler" [_thread_blocked, id=3508, stack(0x000000001b820000,0x000000001b920000)]
  0x0000000019cb9000 JavaThread "Handler for socket connection from /127.0.0.1:55807 to /127.0.0.1:55809" [_thread_in_native, id=6056, stack(0x000000001b720000,0x000000001b820000)]
  0x0000000019cb4800 JavaThread "Daemon" [_thread_blocked, id=21596, stack(0x000000001b620000,0x000000001b720000)]
  0x0000000019cb8800 JavaThread "Daemon periodic checks" [_thread_blocked, id=20848, stack(0x000000001b320000,0x000000001b420000)]
  0x0000000019cb7800 JavaThread "Incoming local TCP Connector on port 55807" [_thread_in_native, id=13400, stack(0x000000001b0e0000,0x000000001b1e0000)]
  0x0000000019cb4000 JavaThread "Daemon health stats" [_thread_blocked, id=6528, stack(0x000000001aaa0000,0x000000001aba0000)]
  0x0000000017acb800 JavaThread "Service Thread" daemon [_thread_blocked, id=4152, stack(0x0000000017ea0000,0x0000000017fa0000)]
  0x000000001615c000 JavaThread "C1 CompilerThread2" daemon [_thread_in_vm, id=22364, stack(0x00000000179a0000,0x0000000017aa0000)]
=>0x000000001614b800 JavaThread "C2 CompilerThread1" daemon [_thread_in_native, id=1544, stack(0x00000000178a0000,0x00000000179a0000)]
  0x0000000016145800 JavaThread "C2 CompilerThread0" daemon [_thread_in_native, id=17676, stack(0x00000000177a0000,0x00000000178a0000)]
  0x0000000016144000 JavaThread "Attach Listener" daemon [_thread_blocked, id=21548, stack(0x00000000176a0000,0x00000000177a0000)]
  0x0000000016141000 JavaThread "Signal Dispatcher" daemon [_thread_blocked, id=9828, stack(0x00000000175a0000,0x00000000176a0000)]
  0x00000000027cb000 JavaThread "Finalizer" daemon [_thread_blocked, id=13476, stack(0x00000000173a0000,0x00000000174a0000)]
  0x0000000016129000 JavaThread "Reference Handler" daemon [_thread_blocked, id=6100, stack(0x00000000172a0000,0x00000000173a0000)]
  0x000000000081e000 JavaThread "main" [_thread_blocked, id=6804, stack(0x00000000025d0000,0x00000000026d0000)]

Other Threads:
  0x0000000016106000 VMThread [stack: 0x00000000171a0000,0x00000000172a0000] [id=756]
  0x000000001619e800 WatcherThread [stack: 0x0000000017fa0000,0x00000000180a0000] [id=19272]

VM state:not at safepoint (normal execution)

VM Mutex/Monitor currently owned by a thread:  ([mutex/lock_event])
[0x00000000026d1650] CompiledIC_lock - owner thread: 0x000000001615c000

heap address: 0x00000000a0000000, size: 1536 MB, Compressed Oops mode: 32-bit
Narrow klass base: 0x0000000000000000, Narrow klass shift: 3
Compressed class space size: 1073741824 Address: 0x0000000100000000

Heap:
 PSYoungGen      total 370176K, used 28953K [0x00000000e0000000, 0x00000000fc180000, 0x0000000100000000)
  eden space 321536K, 7% used [0x00000000e0000000,0x00000000e18423f8,0x00000000f3a00000)
  from space 48640K, 8% used [0x00000000f6a80000,0x00000000f6e843a8,0x00000000f9a00000)
  to   space 49664K, 0% used [0x00000000f3a00000,0x00000000f3a00000,0x00000000f6a80000)
 ParOldGen       total 239616K, used 206756K [0x00000000a0000000, 0x00000000aea00000, 0x00000000e0000000)
  object space 239616K, 86% used [0x00000000a0000000,0x00000000ac9e9070,0x00000000aea00000)
 Metaspace       used 101395K, capacity 106584K, committed 106904K, reserved 1142784K
  class space    used 13438K, capacity 14421K, committed 14512K, reserved 1048576K

Card table byte_map: [0x0000000011b90000,0x0000000011ea0000] byte_map_base: 0x0000000011690000

Marking Bits: (ParMarkBitMap*) 0x0000000067eaf030
 Begin Bits: [0x00000000124a0000, 0x0000000013ca0000)
 End Bits:   [0x0000000013ca0000, 0x00000000154a0000)

Polling page: 0x0000000000800000

CodeCache: size=245760Kb used=52327Kb max_used=52354Kb free=193432Kb
 bounds [0x00000000027d0000, 0x0000000005b30000, 0x00000000117d0000]
 total_blobs=15727 nmethods=14833 adapters=804
 compilation: enabled

Compilation events (10 events):
Event: 192.888 Thread 0x000000001615c000 18251       2       java.util.HashMap$TreeNode::rotateRight (91 bytes)
Event: 192.889 Thread 0x000000001615c000 nmethod 18251 0x0000000005b12c10 code [0x0000000005b12d60, 0x0000000005b12fb0]
Event: 192.901 Thread 0x000000001615c000 18252       2       com.android.tools.r8.code.X0::<init> (42 bytes)
Event: 192.901 Thread 0x000000001615c000 nmethod 18252 0x0000000005b11010 code [0x0000000005b11160, 0x0000000005b112b0]
Event: 192.979 Thread 0x000000001615c000 18253       2       com.android.tools.r8.s.b.o::a (223 bytes)
Event: 192.981 Thread 0x000000001615c000 nmethod 18253 0x0000000005b0f550 code [0x0000000005b0f7e0, 0x0000000005b10368]
Event: 193.038 Thread 0x000000001615c000 18255       2       java.lang.invoke.LambdaForm$DMH/1063084852::invokeStatic_L3I_L (20 bytes)
Event: 193.039 Thread 0x000000001615c000 nmethod 18255 0x0000000002a57010 code [0x0000000002a57180, 0x0000000002a57318]
Event: 193.094 Thread 0x000000001615c000 18256       2       com.android.tools.r8.s.b.k1::x0 (2 bytes)
Event: 193.094 Thread 0x000000001615c000 nmethod 18256 0x0000000002a56cd0 code [0x0000000002a56e20, 0x0000000002a56f70]

GC Heap History (10 events):
Event: 182.877 GC heap before
{Heap before GC invocations=28 (full 4):
 PSYoungGen      total 285184K, used 250659K [0x00000000e0000000, 0x00000000f7300000, 0x0000000100000000)
  eden space 227840K, 100% used [0x00000000e0000000,0x00000000ede80000,0x00000000ede80000)
  from space 57344K, 39% used [0x00000000ede80000,0x00000000ef4c8da8,0x00000000f1680000)
  to   space 54272K, 0% used [0x00000000f3e00000,0x00000000f3e00000,0x00000000f7300000)
 ParOldGen       total 239616K, used 175537K [0x00000000a0000000, 0x00000000aea00000, 0x00000000e0000000)
  object space 239616K, 73% used [0x00000000a0000000,0x00000000aab6c490,0x00000000aea00000)
 Metaspace       used 101014K, capacity 106236K, committed 106392K, reserved 1140736K
  class space    used 13421K, capacity 14411K, committed 14512K, reserved 1048576K
Event: 183.087 GC heap after
Heap after GC invocations=28 (full 4):
 PSYoungGen      total 327168K, used 26431K [0x00000000e0000000, 0x00000000f7580000, 0x0000000100000000)
  eden space 272896K, 0% used [0x00000000e0000000,0x00000000e0000000,0x00000000f0a80000)
  from space 54272K, 48% used [0x00000000f3e00000,0x00000000f57cff00,0x00000000f7300000)
  to   space 52736K, 0% used [0x00000000f0a80000,0x00000000f0a80000,0x00000000f3e00000)
 ParOldGen       total 239616K, used 175545K [0x00000000a0000000, 0x00000000aea00000, 0x00000000e0000000)
  object space 239616K, 73% used [0x00000000a0000000,0x00000000aab6e490,0x00000000aea00000)
 Metaspace       used 101014K, capacity 106236K, committed 106392K, reserved 1140736K
  class space    used 13421K, capacity 14411K, committed 14512K, reserved 1048576K
}
Event: 186.734 GC heap before
{Heap before GC invocations=29 (full 4):
 PSYoungGen      total 327168K, used 299327K [0x00000000e0000000, 0x00000000f7580000, 0x0000000100000000)
  eden space 272896K, 100% used [0x00000000e0000000,0x00000000f0a80000,0x00000000f0a80000)
  from space 54272K, 48% used [0x00000000f3e00000,0x00000000f57cff00,0x00000000f7300000)
  to   space 52736K, 0% used [0x00000000f0a80000,0x00000000f0a80000,0x00000000f3e00000)
 ParOldGen       total 239616K, used 175545K [0x00000000a0000000, 0x00000000aea00000, 0x00000000e0000000)
  object space 239616K, 73% used [0x00000000a0000000,0x00000000aab6e490,0x00000000aea00000)
 Metaspace       used 101197K, capacity 106412K, committed 106648K, reserved 1140736K
  class space    used 13431K, capacity 14417K, committed 14512K, reserved 1048576K
Event: 187.082 GC heap after
Heap after GC invocations=29 (full 4):
 PSYoungGen      total 325632K, used 15147K [0x00000000e0000000, 0x00000000f9c00000, 0x0000000100000000)
  eden space 272896K, 0% used [0x00000000e0000000,0x00000000e0000000,0x00000000f0a80000)
  from space 52736K, 28% used [0x00000000f0a80000,0x00000000f194ac88,0x00000000f3e00000)
  to   space 50688K, 0% used [0x00000000f6a80000,0x00000000f6a80000,0x00000000f9c00000)
 ParOldGen       total 239616K, used 191454K [0x00000000a0000000, 0x00000000aea00000, 0x00000000e0000000)
  object space 239616K, 79% used [0x00000000a0000000,0x00000000abaf7bd8,0x00000000aea00000)
 Metaspace       used 101197K, capacity 106412K, committed 106648K, reserved 1140736K
  class space    used 13431K, capacity 14417K, committed 14512K, reserved 1048576K
}
Event: 188.772 GC heap before
{Heap before GC invocations=30 (full 4):
 PSYoungGen      total 325632K, used 288043K [0x00000000e0000000, 0x00000000f9c00000, 0x0000000100000000)
  eden space 272896K, 100% used [0x00000000e0000000,0x00000000f0a80000,0x00000000f0a80000)
  from space 52736K, 28% used [0x00000000f0a80000,0x00000000f194ac88,0x00000000f3e00000)
  to   space 50688K, 0% used [0x00000000f6a80000,0x00000000f6a80000,0x00000000f9c00000)
 ParOldGen       total 239616K, used 191454K [0x00000000a0000000, 0x00000000aea00000, 0x00000000e0000000)
  object space 239616K, 79% used [0x00000000a0000000,0x00000000abaf7bd8,0x00000000aea00000)
 Metaspace       used 101268K, capacity 106490K, committed 106648K, reserved 1140736K
  class space    used 13435K, capacity 14418K, committed 14512K, reserved 1048576K
Event: 188.817 GC heap after
Heap after GC invocations=30 (full 4):
 PSYoungGen      total 366080K, used 2432K [0x00000000e0000000, 0x00000000f9a00000, 0x0000000100000000)
  eden space 317440K, 0% used [0x00000000e0000000,0x00000000e0000000,0x00000000f3600000)
  from space 48640K, 5% used [0x00000000f6a80000,0x00000000f6ce0000,0x00000000f9a00000)
  to   space 51200K, 0% used [0x00000000f3600000,0x00000000f3600000,0x00000000f6800000)
 ParOldGen       total 239616K, used 202180K [0x00000000a0000000, 0x00000000aea00000, 0x00000000e0000000)
  object space 239616K, 84% used [0x00000000a0000000,0x00000000ac571308,0x00000000aea00000)
 Metaspace       used 101268K, capacity 106490K, committed 106648K, reserved 1140736K
  class space    used 13435K, capacity 14418K, committed 14512K, reserved 1048576K
}
Event: 190.791 GC heap before
{Heap before GC invocations=31 (full 4):
 PSYoungGen      total 366080K, used 319872K [0x00000000e0000000, 0x00000000f9a00000, 0x0000000100000000)
  eden space 317440K, 100% used [0x00000000e0000000,0x00000000f3600000,0x00000000f3600000)
  from space 48640K, 5% used [0x00000000f6a80000,0x00000000f6ce0000,0x00000000f9a00000)
  to   space 51200K, 0% used [0x00000000f3600000,0x00000000f3600000,0x00000000f6800000)
 ParOldGen       total 239616K, used 202180K [0x00000000a0000000, 0x00000000aea00000, 0x00000000e0000000)
  object space 239616K, 84% used [0x00000000a0000000,0x00000000ac571308,0x00000000aea00000)
 Metaspace       used 101379K, capacity 106576K, committed 106904K, reserved 1142784K
  class space    used 13438K, capacity 14421K, committed 14512K, reserved 1048576K
Event: 190.827 GC heap after
Heap after GC invocations=31 (full 4):
 PSYoungGen      total 368640K, used 5552K [0x00000000e0000000, 0x00000000f9a00000, 0x0000000100000000)
  eden space 317440K, 0% used [0x00000000e0000000,0x00000000e0000000,0x00000000f3600000)
  from space 51200K, 10% used [0x00000000f3600000,0x00000000f3b6c008,0x00000000f6800000)
  to   space 48640K, 0% used [0x00000000f6a80000,0x00000000f6a80000,0x00000000f9a00000)
 ParOldGen       total 239616K, used 203676K [0x00000000a0000000, 0x00000000aea00000, 0x00000000e0000000)
  object space 239616K, 85% used [0x00000000a0000000,0x00000000ac6e7308,0x00000000aea00000)
 Metaspace       used 101379K, capacity 106576K, committed 106904K, reserved 1142784K
  class space    used 13438K, capacity 14421K, committed 14512K, reserved 1048576K
}
Event: 192.923 GC heap before
{Heap before GC invocations=32 (full 4):
 PSYoungGen      total 368640K, used 322992K [0x00000000e0000000, 0x00000000f9a00000, 0x0000000100000000)
  eden space 317440K, 100% used [0x00000000e0000000,0x00000000f3600000,0x00000000f3600000)
  from space 51200K, 10% used [0x00000000f3600000,0x00000000f3b6c008,0x00000000f6800000)
  to   space 48640K, 0% used [0x00000000f6a80000,0x00000000f6a80000,0x00000000f9a00000)
 ParOldGen       total 239616K, used 203676K [0x00000000a0000000, 0x00000000aea00000, 0x00000000e0000000)
  object space 239616K, 85% used [0x00000000a0000000,0x00000000ac6e7308,0x00000000aea00000)
 Metaspace       used 101394K, capacity 106584K, committed 106904K, reserved 1142784K
  class space    used 13438K, capacity 14421K, committed 14512K, reserved 1048576K
Event: 192.957 GC heap after
Heap after GC invocations=32 (full 4):
 PSYoungGen      total 370176K, used 4112K [0x00000000e0000000, 0x00000000fc180000, 0x0000000100000000)
  eden space 321536K, 0% used [0x00000000e0000000,0x00000000e0000000,0x00000000f3a00000)
  from space 48640K, 8% used [0x00000000f6a80000,0x00000000f6e843a8,0x00000000f9a00000)
  to   space 49664K, 0% used [0x00000000f3a00000,0x00000000f3a00000,0x00000000f6a80000)
 ParOldGen       total 239616K, used 206756K [0x00000000a0000000, 0x00000000aea00000, 0x00000000e0000000)
  object space 239616K, 86% used [0x00000000a0000000,0x00000000ac9e9070,0x00000000aea00000)
 Metaspace       used 101394K, capacity 106584K, committed 106904K, reserved 1142784K
  class space    used 13438K, capacity 14421K, committed 14512K, reserved 1048576K
}

Deoptimization events (10 events):
Event: 190.550 Thread 0x0000000019d32000 Uncommon trap: reason=unstable_if action=reinterpret pc=0x000000000529ea34 method=com.android.tools.r8.ir.regalloc.b.compareTo(Ljava/lang/Object;)I @ 80
Event: 190.717 Thread 0x0000000019d32000 Uncommon trap: reason=class_check action=maybe_recompile pc=0x0000000005828de8 method=com.android.tools.r8.ir.optimize.r.a(Lcom/android/tools/r8/s/b/X;Lcom/android/tools/r8/utils/n1;)V @ 277
Event: 190.728 Thread 0x0000000019d32000 Uncommon trap: reason=class_check action=maybe_recompile pc=0x0000000005828de8 method=com.android.tools.r8.ir.optimize.r.a(Lcom/android/tools/r8/s/b/X;Lcom/android/tools/r8/utils/n1;)V @ 277
Event: 190.729 Thread 0x0000000019d32000 Uncommon trap: reason=class_check action=maybe_recompile pc=0x0000000005828de8 method=com.android.tools.r8.ir.optimize.r.a(Lcom/android/tools/r8/s/b/X;Lcom/android/tools/r8/utils/n1;)V @ 277
Event: 191.040 Thread 0x0000000019d32000 Uncommon trap: reason=class_check action=maybe_recompile pc=0x0000000005828de8 method=com.android.tools.r8.ir.optimize.r.a(Lcom/android/tools/r8/s/b/X;Lcom/android/tools/r8/utils/n1;)V @ 277
Event: 191.199 Thread 0x0000000019d32800 Uncommon trap: reason=unstable_if action=reinterpret pc=0x00000000059d430c method=com.android.tools.r8.ir.regalloc.a.a(Lcom/android/tools/r8/ir/regalloc/a$a;Z)Lcom/android/tools/r8/ir/regalloc/a$a; @ 3316
Event: 191.205 Thread 0x0000000019d32800 Uncommon trap: reason=unstable_if action=reinterpret pc=0x0000000005764e38 method=com.android.tools.r8.ir.regalloc.a.a(Lcom/android/tools/r8/ir/regalloc/a$a;Z)Lcom/android/tools/r8/ir/regalloc/a$a; @ 3017
Event: 191.404 Thread 0x0000000019d32000 Uncommon trap: reason=unstable_if action=reinterpret pc=0x00000000039a9650 method=java.util.TimSort.countRunAndMakeAscending([Ljava/lang/Object;IILjava/util/Comparator;)I @ 27
Event: 192.230 Thread 0x0000000019d32000 Uncommon trap: reason=bimorphic action=maybe_recompile pc=0x00000000058e4360 method=com.android.tools.r8.ir.regalloc.a.a(Lcom/android/tools/r8/s/b/X;Lcom/android/tools/r8/q/a/a/b/X;Ljava/util/List;Lcom/android/tools/r8/ir/regalloc/e;Ljava/util/Map;)V @ 79
Event: 192.434 Thread 0x0000000019d32000 Uncommon trap: reason=bimorphic action=maybe_recompile pc=0x00000000058e4360 method=com.android.tools.r8.ir.regalloc.a.a(Lcom/android/tools/r8/s/b/X;Lcom/android/tools/r8/q/a/a/b/X;Ljava/util/List;Lcom/android/tools/r8/ir/regalloc/e;Ljava/util/Map;)V @ 79

Classes redefined (0 events):
No events

Internal exceptions (10 events):
Event: 182.367 Thread 0x0000000019d33800 Exception <a 'sun/nio/fs/WindowsException'> (0x00000000e98ac9b0) thrown at [C:\src\AOSP-openjdk-git\hotspot\src\share\vm\prims\jni.cpp, line 710]
Event: 182.489 Thread 0x0000000019d30800 Exception <a 'sun/nio/fs/WindowsException'> (0x00000000eaa130f8) thrown at [C:\src\AOSP-openjdk-git\hotspot\src\share\vm\prims\jni.cpp, line 710]
Event: 184.434 Thread 0x0000000019d33800 Exception <a 'sun/nio/fs/WindowsException'> (0x00000000e465d048) thrown at [C:\src\AOSP-openjdk-git\hotspot\src\share\vm\prims\jni.cpp, line 710]
Event: 185.754 Thread 0x0000000019d33800 Exception <a 'sun/nio/fs/WindowsException'> (0x00000000ec4ae4a0) thrown at [C:\src\AOSP-openjdk-git\hotspot\src\share\vm\prims\jni.cpp, line 710]
Event: 187.189 Thread 0x0000000019d30800 Exception <a 'sun/nio/fs/WindowsException'> (0x00000000e00247d8) thrown at [C:\src\AOSP-openjdk-git\hotspot\src\share\vm\prims\jni.cpp, line 710]
Event: 189.220 Thread 0x0000000019d32000 Implicit null exception at 0x0000000004b7bd8f to 0x0000000004b7befd
Event: 189.350 Thread 0x0000000019d32000 Exception <a 'sun/nio/fs/WindowsException'> (0x00000000e55eb580) thrown at [C:\src\AOSP-openjdk-git\hotspot\src\share\vm\prims\jni.cpp, line 710]
Event: 189.732 Thread 0x0000000019d32000 Exception <a 'sun/nio/fs/WindowsException'> (0x00000000e924b9a0) thrown at [C:\src\AOSP-openjdk-git\hotspot\src\share\vm\prims\jni.cpp, line 710]
Event: 191.534 Thread 0x0000000019d32000 Exception <a 'sun/nio/fs/WindowsException'> (0x00000000e565d4c0) thrown at [C:\src\AOSP-openjdk-git\hotspot\src\share\vm\prims\jni.cpp, line 710]
Event: 191.831 Thread 0x0000000019d32000 Exception <a 'sun/nio/fs/WindowsException'> (0x00000000e7a9f1f8) thrown at [C:\src\AOSP-openjdk-git\hotspot\src\share\vm\prims\jni.cpp, line 710]

Events (10 events):
Event: 192.965 Executing VM operation: RevokeBias
Event: 192.967 Executing VM operation: RevokeBias done
Event: 193.002 Thread 0x0000000019d32800 DEOPT PACKING pc=0x000000000597470a sp=0x0000000020fca3c0
Event: 193.002 Thread 0x0000000019d32800 DEOPT UNPACKING pc=0x00000000028175d0 sp=0x0000000020fca518 mode 0
Event: 193.005 Thread 0x0000000019d32800 DEOPT PACKING pc=0x00000000052f4631 sp=0x0000000020fca4f0
Event: 193.005 Thread 0x0000000019d32800 DEOPT UNPACKING pc=0x00000000028175d0 sp=0x0000000020fca218 mode 0
Event: 193.033 Thread 0x000000001615c000 flushing nmethod 0x0000000002a55850
Event: 193.055 Thread 0x0000000019d32000 DEOPT PACKING pc=0x00000000059b99e5 sp=0x0000000020cca710
Event: 193.055 Thread 0x0000000019d32000 DEOPT UNPACKING pc=0x00000000028175d0 sp=0x0000000020cca4c8 mode 0
Event: 193.095 Thread 0x000000001615c000 flushing nmethod 0x0000000002cec590


Dynamic libraries:
0x00007ff6adad0000 - 0x00007ff6adb01000 	C:\Program Files\Android\Android Studio\jre\bin\java.exe
0x00007fff9f410000 - 0x00007fff9f608000 	C:\WINDOWS\SYSTEM32\ntdll.dll
0x00007fff9f030000 - 0x00007fff9f0ed000 	C:\WINDOWS\System32\KERNEL32.DLL
0x00007fff9cb20000 - 0x00007fff9cdf2000 	C:\WINDOWS\System32\KERNELBASE.dll
0x00007fff9de60000 - 0x00007fff9df0e000 	C:\WINDOWS\System32\ADVAPI32.dll
0x00007fff9dfd0000 - 0x00007fff9e06e000 	C:\WINDOWS\System32\msvcrt.dll
0x00007fff9d470000 - 0x00007fff9d50c000 	C:\WINDOWS\System32\sechost.dll
0x00007fff9f110000 - 0x00007fff9f235000 	C:\WINDOWS\System32\RPCRT4.dll
0x00007fff9dcb0000 - 0x00007fff9de4d000 	C:\WINDOWS\System32\USER32.dll
0x00007fff9d3b0000 - 0x00007fff9d3d2000 	C:\WINDOWS\System32\win32u.dll
0x00007fff9d790000 - 0x00007fff9d7bb000 	C:\WINDOWS\System32\GDI32.dll
0x00007fff9d2a0000 - 0x00007fff9d3af000 	C:\WINDOWS\System32\gdi32full.dll
0x00007fff9cf00000 - 0x00007fff9cf9d000 	C:\WINDOWS\System32\msvcp_win.dll
0x00007fff9ce00000 - 0x00007fff9cf00000 	C:\WINDOWS\System32\ucrtbase.dll
0x00007fff853c0000 - 0x00007fff8565a000 	C:\WINDOWS\WinSxS\amd64_microsoft.windows.common-controls_6595b64144ccf1df_6.0.19041.1110_none_60b5254171f9507e\COMCTL32.dll
0x00007fff9d510000 - 0x00007fff9d540000 	C:\WINDOWS\System32\IMM32.DLL
0x0000000066cb0000 - 0x0000000066d82000 	C:\Program Files\Android\Android Studio\jre\jre\bin\msvcr100.dll
0x00000000676e0000 - 0x0000000067f2b000 	C:\Program Files\Android\Android Studio\jre\jre\bin\server\jvm.dll
0x00007fff9df10000 - 0x00007fff9df18000 	C:\WINDOWS\System32\PSAPI.DLL
0x00007fff933e0000 - 0x00007fff93407000 	C:\WINDOWS\SYSTEM32\WINMM.dll
0x00007fff8f7a0000 - 0x00007fff8f7aa000 	C:\WINDOWS\SYSTEM32\VERSION.dll
0x00007fff919e0000 - 0x00007fff919e9000 	C:\WINDOWS\SYSTEM32\WSOCK32.dll
0x00007fff9f360000 - 0x00007fff9f3cb000 	C:\WINDOWS\System32\ws2_32.DLL
0x00007fff919a0000 - 0x00007fff919af000 	C:\Program Files\Android\Android Studio\jre\jre\bin\verify.dll
0x00007fff90c50000 - 0x00007fff90c79000 	C:\Program Files\Android\Android Studio\jre\jre\bin\java.dll
0x00007fff84fb0000 - 0x00007fff84fc6000 	C:\Program Files\Android\Android Studio\jre\jre\bin\zip.dll
0x00007fff9e5c0000 - 0x00007fff9ed03000 	C:\WINDOWS\System32\SHELL32.dll
0x00007fff9ab80000 - 0x00007fff9b311000 	C:\WINDOWS\SYSTEM32\windows.storage.dll
0x00007fff9d8f0000 - 0x00007fff9dc44000 	C:\WINDOWS\System32\combase.dll
0x00007fff9c4a0000 - 0x00007fff9c4d0000 	C:\WINDOWS\SYSTEM32\Wldp.dll
0x00007fff9df20000 - 0x00007fff9dfcd000 	C:\WINDOWS\System32\SHCORE.dll
0x00007fff9d890000 - 0x00007fff9d8e5000 	C:\WINDOWS\System32\shlwapi.dll
0x00007fff9ca60000 - 0x00007fff9ca7f000 	C:\WINDOWS\SYSTEM32\profapi.dll
0x00007fff84f50000 - 0x00007fff84f6a000 	C:\Program Files\Android\Android Studio\jre\jre\bin\net.dll
0x00007fff9c200000 - 0x00007fff9c26a000 	C:\WINDOWS\system32\mswsock.dll
0x00007fff90c30000 - 0x00007fff90c43000 	C:\Program Files\Android\Android Studio\jre\jre\bin\nio.dll
0x00007fff7f010000 - 0x00007fff7f037000 	C:\Users\bindu hite\.gradle\native\f6784746aeab05261644944871eae4fe03e0ef1612fff0a4a95f87b438bc6780\windows-amd64\native-platform.dll
0x00007fff90c10000 - 0x00007fff90c1d000 	C:\Program Files\Android\Android Studio\jre\jre\bin\management.dll
0x00007fff9c3f0000 - 0x00007fff9c408000 	C:\WINDOWS\SYSTEM32\CRYPTSP.dll
0x00007fff9bae0000 - 0x00007fff9bb14000 	C:\WINDOWS\system32\rsaenh.dll
0x00007fff9d220000 - 0x00007fff9d247000 	C:\WINDOWS\System32\bcrypt.dll
0x00007fff9c9e0000 - 0x00007fff9ca0e000 	C:\WINDOWS\SYSTEM32\USERENV.dll
0x00007fff9d3e0000 - 0x00007fff9d462000 	C:\WINDOWS\System32\bcryptprimitives.dll
0x00007fff9c410000 - 0x00007fff9c41c000 	C:\WINDOWS\SYSTEM32\CRYPTBASE.dll
0x00007fff9bec0000 - 0x00007fff9befb000 	C:\WINDOWS\SYSTEM32\IPHLPAPI.DLL
0x00007fff9d540000 - 0x00007fff9d548000 	C:\WINDOWS\System32\NSI.dll
0x00007fff8f780000 - 0x00007fff8f797000 	C:\WINDOWS\SYSTEM32\dhcpcsvc6.DLL
0x00007fff8d7a0000 - 0x00007fff8d7bd000 	C:\WINDOWS\SYSTEM32\dhcpcsvc.DLL
0x00007fff9bf10000 - 0x00007fff9bfda000 	C:\WINDOWS\SYSTEM32\DNSAPI.dll
0x00007fff91ea0000 - 0x00007fff91eab000 	C:\WINDOWS\SYSTEM32\WINNSI.DLL
0x00007fff77160000 - 0x00007fff7717e000 	C:\Users\bindu hite\AppData\Local\Temp\native-platform7291134876693532271dir\native-platform.dll

VM Arguments:
jvm_args: -Xmx1536m -Dfile.encoding=windows-1252 -Duser.country=IN -Duser.language=en -Duser.variant 
java_command: org.gradle.launcher.daemon.bootstrap.GradleDaemon 6.5
java_class_path (initial): C:\Users\bindu hite\.gradle\wrapper\dists\gradle-6.5-bin\6nifqtx7604sqp1q6g8wikw7p\gradle-6.5\lib\gradle-launcher-6.5.jar
Launcher Type: SUN_STANDARD

Environment Variables:
PATH=C:\WINDOWS\system32;C:\WINDOWS;C:\WINDOWS\System32\Wbem;C:\WINDOWS\System32\WindowsPowerShell\v1.0\;C:\WINDOWS\System32\OpenSSH\;C:\Program Files\Git\cmd;C:\Program Files\PuTTY\;C:\python3.7\Scripts;;C:\Program Files\Docker\Docker\resources\bin;C:\ProgramData\DockerDesktop\version-bin;C:\Program Files\MySQL\MySQL Shell 8.0\bin\;C:\Users\bindu hite\AppData\Local\Microsoft\WindowsApps;;C:\Program Files\JetBrains\IntelliJ IDEA Community Edition 2022.1\bin;;C:\Program Files\heroku\bin
USERNAME=bindu hite
OS=Windows_NT
PROCESSOR_IDENTIFIER=Intel64 Family 6 Model 142 Stepping 9, GenuineIntel



---------------  S Y S T E M  ---------------

OS: Windows 10.0 , 64 bit Build 19041 (10.0.19041.1889)

CPU:total 4 (initial active 4) (2 cores per cpu, 2 threads per core) family 6 model 142 stepping 9, cmov, cx8, fxsr, mmx, sse, sse2, sse3, ssse3, sse4.1, sse4.2, popcnt, avx, avx2, aes, clmul, erms, 3dnowpref, lzcnt, ht, tsc, tscinvbit, bmi1, bmi2, adx

Memory: 4k page, physical 4073696k(156264k free), swap 16656608k(5324k free)

vm_info: OpenJDK 64-Bit Server VM (25.242-b01) for windows-amd64 JRE (1.8.0_242-release-1644-b01), built by "builder" with MS VC++ 10.0 (VS2010)

time: Sat Nov 19 14:21:18 2022
timezone: India Standard Time
elapsed time: 193 seconds (0d 0h 3m 13s)

